1650237484353	geckodriver	INFO	Listening on 127.0.0.1:53288
1650237487409	mozrunner::runner	INFO	Running command: "C:\\Program Files\\Mozilla Firefox\\firefox.exe" "--marionette" "-no-remote" "-profile" "C:\\Users\\peter\\AppData\\Local\\Temp\\rust_mozprofileXHhCor"
1650237488344	Marionette	INFO	Marionette enabled
console.warn: SearchSettings: "get: No settings file exists, new profile?" (new NotFoundError("Could not open the file at C:\\Users\\peter\\AppData\\Local\\Temp\\rust_mozprofileXHhCor\\search.json.mozlz4", (void 0)))
1650237490925	Marionette	INFO	Listening on port 53303
1650237491088	RemoteAgent	WARN	TLS certificate errors will be ignored for this session
1650237497742	Marionette	WARN	Ignoring event 'pageshow' because document has an invalid readyState of 'uninitialized'.
1650237956046	geckodriver	INFO	Listening on 127.0.0.1:54238
1650237959088	mozrunner::runner	INFO	Running command: "C:\\Program Files\\Mozilla Firefox\\firefox.exe" "--marionette" "-no-remote" "-profile" "C:\\Users\\peter\\AppData\\Local\\Temp\\rust_mozprofileIGR8Bu"
1650237959590	Marionette	INFO	Marionette enabled
console.warn: SearchSettings: "get: No settings file exists, new profile?" (new NotFoundError("Could not open the file at C:\\Users\\peter\\AppData\\Local\\Temp\\rust_mozprofileIGR8Bu\\search.json.mozlz4", (void 0)))
1650237961434	Marionette	INFO	Listening on port 54258
1650237961760	RemoteAgent	WARN	TLS certificate errors will be ignored for this session
1650238013605	Marionette	INFO	Stopped listening on port 54258
JavaScript error: chrome://remote/content/marionette/cert.js, line 55: NS_ERROR_NOT_AVAILABLE: Component returned failure code: 0x80040111 (NS_ERROR_NOT_AVAILABLE) [nsICertOverrideService.setDisableAllSecurityChecksAndLetAttackersInterceptMyData]
[Parent 22984, IPC I/O Parent] WARNING: file /builds/worker/checkouts/gecko/ipc/chromium/src/base/process_util_win.cc:167
1650238483342	geckodriver	INFO	Listening on 127.0.0.1:55526
1650238486373	mozrunner::runner	INFO	Running command: "C:\\Program Files\\Mozilla Firefox\\firefox.exe" "--marionette" "-no-remote" "-profile" "C:\\Users\\peter\\AppData\\Local\\Temp\\rust_mozprofilebDmxKO"
1650238486762	Marionette	INFO	Marionette enabled
console.warn: SearchSettings: "get: No settings file exists, new profile?" (new NotFoundError("Could not open the file at C:\\Users\\peter\\AppData\\Local\\Temp\\rust_mozprofilebDmxKO\\search.json.mozlz4", (void 0)))
1650238488616	Marionette	INFO	Listening on port 55541
1650238489009	RemoteAgent	WARN	TLS certificate errors will be ignored for this session
1650238816543	Marionette	INFO	Stopped listening on port 55541
1650331004304	geckodriver	INFO	Listening on 127.0.0.1:64811
1650331007344	mozrunner::runner	INFO	Running command: "C:\\Program Files\\Mozilla Firefox\\firefox.exe" "--marionette" "-no-remote" "-profile" "C:\\Users\\peter\\AppData\\Local\\Temp\\rust_mozprofilevB6QS7"
1650331007763	Marionette	INFO	Marionette enabled
console.warn: SearchSettings: "get: No settings file exists, new profile?" (new NotFoundError("Could not open the file at C:\\Users\\peter\\AppData\\Local\\Temp\\rust_mozprofilevB6QS7\\search.json.mozlz4", (void 0)))
1650331009790	Marionette	INFO	Listening on port 64820
1650331010020	RemoteAgent	WARN	TLS certificate errors will be ignored for this session
1650331010150	Marionette	INFO	Stopped listening on port 64820
console.error: Region.jsm: "Error fetching region" (new TypeError("NetworkError when attempting to fetch resource.", ""))
console.error: Region.jsm: "Failed to fetch region" (new Error("NO_RESULT", "resource://gre/modules/Region.jsm", 419))
console.warn: TopSitesFeed: Failed to fetch data from Contile server: NetworkError when attempting to fetch resource.
1650331182088	geckodriver	INFO	Listening on 127.0.0.1:64980
1650331185149	mozrunner::runner	INFO	Running command: "C:\\Program Files\\Mozilla Firefox\\firefox.exe" "--marionette" "-no-remote" "-profile" "C:\\Users\\peter\\AppData\\Local\\Temp\\rust_mozprofilehpUsmf"
1650331185521	Marionette	INFO	Marionette enabled
console.warn: SearchSettings: "get: No settings file exists, new profile?" (new NotFoundError("Could not open the file at C:\\Users\\peter\\AppData\\Local\\Temp\\rust_mozprofilehpUsmf\\search.json.mozlz4", (void 0)))
1650331187242	Marionette	INFO	Listening on port 64989
1650331187306	RemoteAgent	WARN	TLS certificate errors will be ignored for this session
1650331187400	Marionette	INFO	Stopped listening on port 64989
console.error: Region.jsm: "Error fetching region" (new TypeError("NetworkError when attempting to fetch resource.", ""))
console.error: Region.jsm: "Failed to fetch region" (new Error("NO_RESULT", "resource://gre/modules/Region.jsm", 419))
console.warn: TopSitesFeed: Failed to fetch data from Contile server: NetworkError when attempting to fetch resource.
1653289967931	geckodriver	INFO	Listening on 127.0.0.1:58314
1653289970941	mozrunner::runner	INFO	Running command: "C:\\Program Files\\Mozilla Firefox\\firefox.exe" "--marionette" "-no-remote" "-profile" "C:\\Users\\peter\\AppData\\Local\\Temp\\rust_mozprofilebUFLUt"
1653289971303	Marionette	INFO	Marionette enabled
console.warn: SearchSettings: "get: No settings file exists, new profile?" (new NotFoundError("Could not open the file at C:\\Users\\peter\\AppData\\Local\\Temp\\rust_mozprofilebUFLUt\\search.json.mozlz4", (void 0)))
1653289972566	Marionette	INFO	Listening on port 58324
1653289972981	RemoteAgent	WARN	TLS certificate errors will be ignored for this session
console.warn: LoginRecipes: "getRecipes: falling back to a synchronous message for:" "http://localhost:8000"
1653289975152	Marionette	INFO	Stopped listening on port 58324
console.error: services.settings: 
  main/query-stripping Signature failed  TypeError: NetworkError: Network request failed

###!!! [Parent][PGPUParent] Error: RunMessage(msgname=PGPU::Msg_ShutdownVR) Channel closing: too late to send/recv, messages will be lost

1653290057867	geckodriver	INFO	Listening on 127.0.0.1:58406
1653290060876	mozrunner::runner	INFO	Running command: "C:\\Program Files\\Mozilla Firefox\\firefox.exe" "--marionette" "-no-remote" "-profile" "C:\\Users\\peter\\AppData\\Local\\Temp\\rust_mozprofileDv6y4Z"
1653290061238	Marionette	INFO	Marionette enabled
console.warn: SearchSettings: "get: No settings file exists, new profile?" (new NotFoundError("Could not open the file at C:\\Users\\peter\\AppData\\Local\\Temp\\rust_mozprofileDv6y4Z\\search.json.mozlz4", (void 0)))
1653290062404	Marionette	INFO	Listening on port 58415
1653290062913	RemoteAgent	WARN	TLS certificate errors will be ignored for this session
console.warn: LoginRecipes: "getRecipes: falling back to a synchronous message for:" "http://localhost:8000"
1653290065079	Marionette	INFO	Stopped listening on port 58415
1653290487165	geckodriver	INFO	Listening on 127.0.0.1:58722
1653290490187	mozrunner::runner	INFO	Running command: "C:\\Program Files\\Mozilla Firefox\\firefox.exe" "--marionette" "-no-remote" "-profile" "C:\\Users\\peter\\AppData\\Local\\Temp\\rust_mozprofilermUVHV"
1653290490548	Marionette	INFO	Marionette enabled
console.warn: SearchSettings: "get: No settings file exists, new profile?" (new NotFoundError("Could not open the file at C:\\Users\\peter\\AppData\\Local\\Temp\\rust_mozprofilermUVHV\\search.json.mozlz4", (void 0)))
1653290491689	Marionette	INFO	Listening on port 58731
1653290491717	RemoteAgent	WARN	TLS certificate errors will be ignored for this session
console.warn: LoginRecipes: "getRecipes: falling back to a synchronous message for:" "http://localhost:8000"
1653290493940	Marionette	INFO	Stopped listening on port 58731
console.error: services.settings: 
  main/query-stripping Signature failed  TypeError: NetworkError: Network request failed
[Parent 76524, IPC I/O Parent] WARNING: file /builds/worker/checkouts/gecko/ipc/chromium/src/base/process_util_win.cc:167

###!!! [Parent][PGPUParent] Error: RunMessage(msgname=PGPU::Msg_ShutdownVR) Channel closing: too late to send/recv, messages will be lost

1653291578283	geckodriver	INFO	Listening on 127.0.0.1:59524
1653291581308	mozrunner::runner	INFO	Running command: "C:\\Program Files\\Mozilla Firefox\\firefox.exe" "--marionette" "-no-remote" "-profile" "C:\\Users\\peter\\AppData\\Local\\Temp\\rust_mozprofileQYiPQ5"
1653291581678	Marionette	INFO	Marionette enabled
console.warn: SearchSettings: "get: No settings file exists, new profile?" (new NotFoundError("Could not open the file at C:\\Users\\peter\\AppData\\Local\\Temp\\rust_mozprofileQYiPQ5\\search.json.mozlz4", (void 0)))
1653291582912	Marionette	INFO	Listening on port 59537
1653291583356	RemoteAgent	WARN	TLS certificate errors will be ignored for this session
console.warn: LoginRecipes: "getRecipes: falling back to a synchronous message for:" "http://localhost:8000"
1653291586546	Marionette	INFO	Stopped listening on port 59537
[Parent 122260, IPC I/O Parent] WARNING: file /builds/worker/checkouts/gecko/ipc/chromium/src/base/process_util_win.cc:167
1653300873987	geckodriver	INFO	Listening on 127.0.0.1:51956
1653300876998	mozrunner::runner	INFO	Running command: "C:\\Program Files\\Mozilla Firefox\\firefox.exe" "--marionette" "-no-remote" "-profile" "C:\\Users\\peter\\AppData\\Local\\Temp\\rust_mozprofileY6RuOm"
1653300877428	Marionette	INFO	Marionette enabled
console.warn: SearchSettings: "get: No settings file exists, new profile?" (new NotFoundError("Could not open the file at C:\\Users\\peter\\AppData\\Local\\Temp\\rust_mozprofileY6RuOm\\search.json.mozlz4", (void 0)))
1653300878804	Marionette	INFO	Listening on port 51965
1653300879046	RemoteAgent	WARN	TLS certificate errors will be ignored for this session
1653300879352	Marionette	INFO	Stopped listening on port 51965
1653301026226	geckodriver	INFO	Listening on 127.0.0.1:52121
1653301029245	mozrunner::runner	INFO	Running command: "C:\\Program Files\\Mozilla Firefox\\firefox.exe" "--marionette" "-no-remote" "-profile" "C:\\Users\\peter\\AppData\\Local\\Temp\\rust_mozprofileXfty34"
1653301029614	Marionette	INFO	Marionette enabled
console.warn: SearchSettings: "get: No settings file exists, new profile?" (new NotFoundError("Could not open the file at C:\\Users\\peter\\AppData\\Local\\Temp\\rust_mozprofileXfty34\\search.json.mozlz4", (void 0)))
1653301030854	Marionette	INFO	Listening on port 52130
1653301031274	RemoteAgent	WARN	TLS certificate errors will be ignored for this session
console.warn: LoginRecipes: "getRecipes: falling back to a synchronous message for:" "http://localhost:8000"
1653301034434	Marionette	INFO	Stopped listening on port 52130
[Parent 315832, IPC I/O Parent] WARNING: file /builds/worker/checkouts/gecko/ipc/chromium/src/base/process_util_win.cc:167
1653301138368	geckodriver	INFO	Listening on 127.0.0.1:52228
1653301141366	mozrunner::runner	INFO	Running command: "C:\\Program Files\\Mozilla Firefox\\firefox.exe" "--marionette" "-no-remote" "-profile" "C:\\Users\\peter\\AppData\\Local\\Temp\\rust_mozprofileM5x0cq"
1653301141739	Marionette	INFO	Marionette enabled
console.warn: SearchSettings: "get: No settings file exists, new profile?" (new NotFoundError("Could not open the file at C:\\Users\\peter\\AppData\\Local\\Temp\\rust_mozprofileM5x0cq\\search.json.mozlz4", (void 0)))
1653301143020	Marionette	INFO	Listening on port 52237
1653301143408	RemoteAgent	WARN	TLS certificate errors will be ignored for this session
console.warn: LoginRecipes: "getRecipes: falling back to a synchronous message for:" "http://localhost:8000"
1653301146620	Marionette	INFO	Stopped listening on port 52237
1653301890672	geckodriver	INFO	Listening on 127.0.0.1:52815
1653301893691	mozrunner::runner	INFO	Running command: "C:\\Program Files\\Mozilla Firefox\\firefox.exe" "--marionette" "-no-remote" "-profile" "C:\\Users\\peter\\AppData\\Local\\Temp\\rust_mozprofileJBgnAX"
1653301894091	Marionette	INFO	Marionette enabled
console.warn: SearchSettings: "get: No settings file exists, new profile?" (new NotFoundError("Could not open the file at C:\\Users\\peter\\AppData\\Local\\Temp\\rust_mozprofileJBgnAX\\search.json.mozlz4", (void 0)))
1653301895360	Marionette	INFO	Listening on port 52824
1653301895728	RemoteAgent	WARN	TLS certificate errors will be ignored for this session
console.warn: LoginRecipes: "getRecipes: falling back to a synchronous message for:" "http://localhost:8000"
1653301897888	Marionette	INFO	Stopped listening on port 52824
console.error: services.settings: 
  main/query-stripping Signature failed  TypeError: NetworkError: Network request failed

###!!! [Parent][PGPUParent] Error: RunMessage(msgname=PGPU::Msg_ShutdownVR) Channel closing: too late to send/recv, messages will be lost

[Parent 358152, IPC I/O Parent] WARNING: file /builds/worker/checkouts/gecko/ipc/chromium/src/base/process_util_win.cc:167
1653984256302	geckodriver	INFO	Listening on 127.0.0.1:58135
1653984259307	mozrunner::runner	INFO	Running command: "C:\\Program Files\\Mozilla Firefox\\firefox.exe" "--marionette" "-no-remote" "-profile" "C:\\Users\\peter\\AppData\\Local\\Temp\\rust_mozprofiletxK7wF"
1653984259614	Marionette	INFO	Marionette enabled
console.warn: SearchSettings: "get: No settings file exists, new profile?" (new NotFoundError("Could not open the file at C:\\Users\\peter\\AppData\\Local\\Temp\\rust_mozprofiletxK7wF\\search.json.mozlz4", (void 0)))
1653984260913	Marionette	INFO	Listening on port 58144
1653984261361	RemoteAgent	WARN	TLS certificate errors will be ignored for this session
console.warn: LoginRecipes: "getRecipes: falling back to a synchronous message for:" "http://localhost:58134"
1653984262522	Marionette	INFO	Stopped listening on port 58144
console.error: services.settings: 
  main/query-stripping Signature failed  TypeError: NetworkError: Network request failed
JavaScript error: resource://gre/modules/TerminatorTelemetry.jsm, line 71: AbortError: IOUtils: Shutting down and refusing additional I/O tasks
1653984274407	geckodriver	INFO	Listening on 127.0.0.1:58209
1653984277427	mozrunner::runner	INFO	Running command: "C:\\Program Files\\Mozilla Firefox\\firefox.exe" "--marionette" "-no-remote" "-profile" "C:\\Users\\peter\\AppData\\Local\\Temp\\rust_mozprofilenf1P4W"
1653984277737	Marionette	INFO	Marionette enabled
console.warn: SearchSettings: "get: No settings file exists, new profile?" (new NotFoundError("Could not open the file at C:\\Users\\peter\\AppData\\Local\\Temp\\rust_mozprofilenf1P4W\\search.json.mozlz4", (void 0)))
1653984279046	Marionette	INFO	Listening on port 58219
1653984279468	RemoteAgent	WARN	TLS certificate errors will be ignored for this session
console.warn: LoginRecipes: "getRecipes: falling back to a synchronous message for:" "http://localhost:58208"
1653984280608	Marionette	INFO	Stopped listening on port 58219
console.error: services.settings: 
  main/query-stripping Signature failed  TypeError: NetworkError: Network request failed
JavaScript error: resource://gre/modules/TerminatorTelemetry.jsm, line 71: AbortError: IOUtils: Shutting down and refusing additional I/O tasks

###!!! [Parent][PGPUParent] Error: RunMessage(msgname=PGPU::Msg_ShutdownVR) Channel closing: too late to send/recv, messages will be lost

1653984630053	geckodriver	INFO	Listening on 127.0.0.1:58754
1653984633056	mozrunner::runner	INFO	Running command: "C:\\Program Files\\Mozilla Firefox\\firefox.exe" "--marionette" "-no-remote" "-profile" "C:\\Users\\peter\\AppData\\Local\\Temp\\rust_mozprofiledhtvZI"
1653984633362	Marionette	INFO	Marionette enabled
console.warn: SearchSettings: "get: No settings file exists, new profile?" (new NotFoundError("Could not open the file at C:\\Users\\peter\\AppData\\Local\\Temp\\rust_mozprofiledhtvZI\\search.json.mozlz4", (void 0)))
1653984634622	Marionette	INFO	Listening on port 58771
1653984635113	RemoteAgent	WARN	TLS certificate errors will be ignored for this session
console.warn: LoginRecipes: "getRecipes: falling back to a synchronous message for:" "http://localhost:58753"
1653984636304	Marionette	INFO	Stopped listening on port 58771
console.error: services.settings: 
  main/query-stripping Signature failed  TypeError: NetworkError: Network request failed

###!!! [Parent][PGPUParent] Error: RunMessage(msgname=PGPU::Msg_ShutdownVR) Channel closing: too late to send/recv, messages will be lost

1653984687071	geckodriver	INFO	Listening on 127.0.0.1:58875
1653984690087	mozrunner::runner	INFO	Running command: "C:\\Program Files\\Mozilla Firefox\\firefox.exe" "--marionette" "-no-remote" "-profile" "C:\\Users\\peter\\AppData\\Local\\Temp\\rust_mozprofileyw6xLT"
1653984690409	Marionette	INFO	Marionette enabled
console.warn: SearchSettings: "get: No settings file exists, new profile?" (new NotFoundError("Could not open the file at C:\\Users\\peter\\AppData\\Local\\Temp\\rust_mozprofileyw6xLT\\search.json.mozlz4", (void 0)))
1653984691641	Marionette	INFO	Listening on port 58886
1653984692142	RemoteAgent	WARN	TLS certificate errors will be ignored for this session
console.warn: LoginRecipes: "getRecipes: falling back to a synchronous message for:" "http://localhost:58874"
1653984693273	Marionette	INFO	Stopped listening on port 58886
console.error: services.settings: 
  main/query-stripping Signature failed  TypeError: NetworkError: Network request failed
JavaScript error: resource://gre/modules/TerminatorTelemetry.jsm, line 71: AbortError: IOUtils: Shutting down and refusing additional I/O tasks
1653984711724	geckodriver	INFO	Listening on 127.0.0.1:58958
1653984714729	mozrunner::runner	INFO	Running command: "C:\\Program Files\\Mozilla Firefox\\firefox.exe" "--marionette" "-no-remote" "-profile" "C:\\Users\\peter\\AppData\\Local\\Temp\\rust_mozprofilevORAm5"
1653984715053	Marionette	INFO	Marionette enabled
console.warn: SearchSettings: "get: No settings file exists, new profile?" (new NotFoundError("Could not open the file at C:\\Users\\peter\\AppData\\Local\\Temp\\rust_mozprofilevORAm5\\search.json.mozlz4", (void 0)))
1653984716421	Marionette	INFO	Listening on port 58970
1653984716773	RemoteAgent	WARN	TLS certificate errors will be ignored for this session
console.warn: LoginRecipes: "getRecipes: falling back to a synchronous message for:" "http://localhost:58957"
1653984717914	Marionette	INFO	Stopped listening on port 58970
console.error: services.settings: 
  main/query-stripping Signature failed  TypeError: NetworkError: Network request failed
JavaScript error: resource://gre/modules/TerminatorTelemetry.jsm, line 71: AbortError: IOUtils: Shutting down and refusing additional I/O tasks

###!!! [Parent][PGPUParent] Error: RunMessage(msgname=PGPU::Msg_ShutdownVR) Channel closing: too late to send/recv, messages will be lost

1653984743974	geckodriver	INFO	Listening on 127.0.0.1:59054
1653984746990	mozrunner::runner	INFO	Running command: "C:\\Program Files\\Mozilla Firefox\\firefox.exe" "--marionette" "-no-remote" "-profile" "C:\\Users\\peter\\AppData\\Local\\Temp\\rust_mozprofileMiNrjW"
1653984747290	Marionette	INFO	Marionette enabled
console.warn: SearchSettings: "get: No settings file exists, new profile?" (new NotFoundError("Could not open the file at C:\\Users\\peter\\AppData\\Local\\Temp\\rust_mozprofileMiNrjW\\search.json.mozlz4", (void 0)))
1653984748578	Marionette	INFO	Listening on port 59068
1653984749041	RemoteAgent	WARN	TLS certificate errors will be ignored for this session
console.warn: LoginRecipes: "getRecipes: falling back to a synchronous message for:" "http://localhost:59053"
Marionette threw an error: TypeError: browsingContext.currentWindowGlobal is null
getMarionetteCommandsActorProxy/get/<@chrome://remote/content/marionette/actors/MarionetteCommandsParent.jsm:332:29
observe@resource://gre/modules/AsyncShutdown.jsm:575:16

1653984750224	Marionette	INFO	Stopped listening on port 59068
Marionette threw an error: [Exception... "Component returned failure code: 0x80040111 (NS_ERROR_NOT_AVAILABLE) [nsICertOverrideService.setDisableAllSecurityChecksAndLetAttackersInterceptMyData]"  nsresult: "0x80040111 (NS_ERROR_NOT_AVAILABLE)"  location: "JS frame :: chrome://remote/content/marionette/cert.js :: allowAllCerts.disable :: line 55"  data: no]
allowAllCerts.disable@chrome://remote/content/marionette/cert.js:55:23
destroy@chrome://remote/content/shared/webdriver/Session.jsm:210:19
GeckoDriver.prototype.deleteSession@chrome://remote/content/marionette/driver.js:2141:25
GeckoDriver.prototype.quit@chrome://remote/content/marionette/driver.js:2642:8
despatch@chrome://remote/content/marionette/server.js:306:40
execute@chrome://remote/content/marionette/server.js:279:16
onPacket/<@chrome://remote/content/marionette/server.js:252:20
onPacket@chrome://remote/content/marionette/server.js:253:9
_onJSONObjectReady/<@chrome://remote/content/marionette/transport.js:500:20

JavaScript error: chrome://remote/content/marionette/driver.js, line 2125: NS_ERROR_ILLEGAL_VALUE: Component returned failure code: 0x80070057 (NS_ERROR_ILLEGAL_VALUE) [nsIObserverService.removeObserver]
console.error: services.settings: 
  main/query-stripping Signature failed  TypeError: NetworkError: Network request failed
JavaScript error: resource://gre/modules/TerminatorTelemetry.jsm, line 71: AbortError: IOUtils: Shutting down and refusing additional I/O tasks

###!!! [Parent][PGPUParent] Error: RunMessage(msgname=PGPU::Msg_ShutdownVR) Channel closing: too late to send/recv, messages will be lost

